Chronologic VCS simulator copyright 1991-2020
Contains Synopsys proprietary information.
Compiler version R-2020.12-SP2-1_Full64; Runtime version R-2020.12-SP2-1_Full64;  Nov 30 11:46 2022
VCD+ Writer R-2020.12-SP2-1_Full64 Copyright (c) 1991-2020 by Synopsys Inc.
@@
@@
@@                     0  Asserting System reset......
@@
@@                     0 : System STILL at reset, can't show anything
@@
@@
@@                   100 : System STILL at reset, can't show anything
@@
@@
@@                   200 : System STILL at reset, can't show anything
@@
@@
@@                   300 : System STILL at reset, can't show anything
@@
@@                   360  Deasserting System reset......
@@
@@
@@@ Unified Memory contents hex on left, decimal on right: 
@@@
@@@ mem[    0] = 000021b700800113 : 37069871120659
@@@ mem[    8] = 010191937bb18193 : 72499131636089235
@@@ mem[   16] = ee608093000030b7 : 17176870347639632055
@@@ mem[   24] = 000010b70011e1b3 : 18378166231475
@@@ mem[   32] = 00c1919387b08093 : 54484733327868051
@@@ mem[   40] = 0b0000930011e1b3 : 792634165778571699
@@@ mem[   48] = 0011e1b300c19193 : 5033233532162451
@@@ mem[   56] = 008191930fd00093 : 36470332807184531
@@@ mem[   64] = 000012370011e1b3 : 20027433673139
@@@ mem[   72] = 00c21213b5020213 : 54626021332353555
@@@ mem[   80] = 001262334f300093 : 5174522092191891
@@@ mem[   88] = 0042121302d00093 : 18597221323767955
@@@ mem[   96] = 0000029300126233 : 2830384652851
@@@ mem[  104] = 0102a31300128293 : 72799845992268435
@@@ mem[  112] = 004585b3023105b3 : 19568777275442611
@@@ mem[  120] = 0046063302358633 : 19710064519906867
@@@ mem[  128] = 004686b3023606b3 : 19851351764108979
@@@ mem[  136] = 0041013302368133 : 18297192078278963
@@@ mem[  144] = 010656130105d593 : 73841083519718803
@@@ mem[  152] = 010157130106d693 : 72434808147859091
@@@ mem[  160] = fc0312e301008093 : 18159378888671658131
@@@ mem[  168] = 0000000010500073 : 273678451
@@@
@@@
@@                141820 : System halted
@@
@@@ System halted on WFI instruction
@@@
@@
@@  1415 cycles / 282 instrs = 5.017730 CPI
@@
@@  14140.00 ns total time to execute
@@

$finish called from file "testbench/testbench.sv", line 267.
$finish at simulation time               142820
           V C S   S i m u l a t i o n   R e p o r t 
Time: 14282000 ps
CPU Time:      0.430 seconds;       Data structure size:   0.2Mb
Wed Nov 30 11:47:00 2022
