Chronologic VCS simulator copyright 1991-2020
Contains Synopsys proprietary information.
Compiler version R-2020.12-SP2-1_Full64; Runtime version R-2020.12-SP2-1_Full64;  Nov 30 17:17 2022
VCD+ Writer R-2020.12-SP2-1_Full64 Copyright (c) 1991-2020 by Synopsys Inc.
@@
@@
@@                     0  Asserting System reset......
@@
@@                     0 : System STILL at reset, can't show anything
@@
@@
@@                   100 : System STILL at reset, can't show anything
@@
@@
@@                   200 : System STILL at reset, can't show anything
@@
@@
@@                   300 : System STILL at reset, can't show anything
@@
@@                   360  Deasserting System reset......
@@
@@
@@@ Unified Memory contents hex on left, decimal on right: 
@@@
@@@ mem[    0] = 0000051300000013 : 5579162517523
@@@ mem[    8] = 01a58593000035b7 : 118647831601886647
@@@ mem[   16] = 0000113715600613 : 18928279488019
@@@ mem[   24] = 00b1202380010113 : 49856407721279763
@@@ mem[   32] = 00a6053300410113 : 46730562739699987
@@@ mem[   40] = 00a1202300b60533 : 45352805958288691
@@@ mem[   48] = 00012503ff010113 : 322174070096147
@@@ mem[   56] = 0000001340a60533 : 82689000755
@@@ mem[   64] = 1050007300000013 : 1175439996664938515
@@@
@@@ mem[ 2048] = 000031700000301a : 54357106110490
@@@
@@@
@@                  9320 : System halted
@@
@@@ System halted on WFI instruction
@@@
@@
@@  90 cycles / 17 instrs = 5.294118 CPI
@@
@@  890.00 ns total time to execute
@@

$finish called from file "testbench/testbench.sv", line 267.
$finish at simulation time                10320
           V C S   S i m u l a t i o n   R e p o r t 
Time: 1032000 ps
CPU Time:      0.380 seconds;       Data structure size:   0.2Mb
Wed Nov 30 17:17:10 2022
